  pch.cpp
  BouyomiSocketRequest.hpp
k:\workstation-vs\bouyomityanyomiage\yomiage001\yomiage001\bouyomisocketrequest.hpp(7): error C2008: ';': マクロ定義内で指定された文字の使い方が間違っています。
k:\workstation-vs\bouyomityanyomiage\yomiage001\yomiage001\bouyomisocketrequest.hpp(96): fatal error C1010: プリコンパイル ヘッダーを検索中に不明な EOF が見つかりました。'#include "pch.h"' をソースに追加しましたか?
  FileNames.hpp
k:\workstation-vs\bouyomityanyomiage\yomiage001\yomiage001\filenames.hpp(49): fatal error C1010: プリコンパイル ヘッダーを検索中に不明な EOF が見つかりました。'#include "pch.h"' をソースに追加しましたか?
  yomiage001.cpp
k:\workstation-vs\bouyomityanyomiage\yomiage001\yomiage001\filenames.hpp(36): error C4996: 'wcstombs': This function or variable may be unsafe. Consider using wcstombs_s instead. To disable deprecation, use _CRT_SECURE_NO_WARNINGS. See online help for details.
  k:\windows kits\10\include\10.0.17763.0\ucrt\stdlib.h(1015): note: 'wcstombs' の宣言を確認してください
k:\windows kits\10\include\10.0.17763.0\shared\ws2def.h(103): warning C4005: 'AF_IPX': マクロが再定義されました。
  k:\windows kits\10\include\10.0.17763.0\um\winsock.h(457): note: 'AF_IPX' の以前の定義を確認してください
k:\windows kits\10\include\10.0.17763.0\shared\ws2def.h(147): warning C4005: 'AF_MAX': マクロが再定義されました。
  k:\windows kits\10\include\10.0.17763.0\um\winsock.h(476): note: 'AF_MAX' の以前の定義を確認してください
k:\windows kits\10\include\10.0.17763.0\shared\ws2def.h(185): warning C4005: 'SO_DONTLINGER': マクロが再定義されました。
  k:\windows kits\10\include\10.0.17763.0\um\winsock.h(399): note: 'SO_DONTLINGER' の以前の定義を確認してください
k:\windows kits\10\include\10.0.17763.0\shared\ws2def.h(235): error C2011: 'sockaddr': 'struct' 型の再定義
  k:\windows kits\10\include\10.0.17763.0\um\winsock.h(1007): note: 'sockaddr' の宣言を確認してください
k:\windows kits\10\include\10.0.17763.0\shared\ws2def.h(437): error C2059: 構文エラー: '定数'
k:\windows kits\10\include\10.0.17763.0\shared\ws2def.h(437): error C3805: '定数': 予期しないトークン。'}' か ',' が必要です。
k:\windows kits\10\include\10.0.17763.0\shared\ws2def.h(572): warning C4005: 'IN_CLASSA': マクロが再定義されました。
  k:\windows kits\10\include\10.0.17763.0\um\winsock.h(284): note: 'IN_CLASSA' の以前の定義を確認してください
k:\windows kits\10\include\10.0.17763.0\shared\ws2def.h(578): warning C4005: 'IN_CLASSB': マクロが再定義されました。
  k:\windows kits\10\include\10.0.17763.0\um\winsock.h(290): note: 'IN_CLASSB' の以前の定義を確認してください
k:\windows kits\10\include\10.0.17763.0\shared\ws2def.h(584): warning C4005: 'IN_CLASSC': マクロが再定義されました。
  k:\windows kits\10\include\10.0.17763.0\um\winsock.h(296): note: 'IN_CLASSC' の以前の定義を確認してください
k:\windows kits\10\include\10.0.17763.0\shared\ws2def.h(595): warning C4005: 'INADDR_ANY': マクロが再定義されました。
  k:\windows kits\10\include\10.0.17763.0\um\winsock.h(301): note: 'INADDR_ANY' の以前の定義を確認してください
k:\windows kits\10\include\10.0.17763.0\shared\ws2def.h(597): warning C4005: 'INADDR_BROADCAST': マクロが再定義されました。
  k:\windows kits\10\include\10.0.17763.0\um\winsock.h(303): note: 'INADDR_BROADCAST' の以前の定義を確認してください
k:\windows kits\10\include\10.0.17763.0\shared\ws2def.h(633): error C2011: 'sockaddr_in': 'struct' 型の再定義
  k:\windows kits\10\include\10.0.17763.0\um\winsock.h(1011): note: 'sockaddr_in' の宣言を確認してください
k:\windows kits\10\include\10.0.17763.0\um\winsock2.h(136): error C2011: 'fd_set': 'struct' 型の再定義
  k:\windows kits\10\include\10.0.17763.0\um\winsock.h(1019): note: 'fd_set' の宣言を確認してください
k:\windows kits\10\include\10.0.17763.0\um\winsock2.h(156): warning C4005: 'FD_CLR': マクロが再定義されました。
  k:\windows kits\10\include\10.0.17763.0\um\winsock.h(94): note: 'FD_CLR' の以前の定義を確認してください
k:\windows kits\10\include\10.0.17763.0\um\winsock2.h(171): warning C4005: 'FD_SET': マクロが再定義されました。
  k:\windows kits\10\include\10.0.17763.0\um\winsock.h(99): note: 'FD_SET' の以前の定義を確認してください
k:\windows kits\10\include\10.0.17763.0\um\winsock2.h(180): error C2011: 'timeval': 'struct' 型の再定義
  k:\windows kits\10\include\10.0.17763.0\um\winsock.h(1035): note: 'timeval' の宣言を確認してください
k:\windows kits\10\include\10.0.17763.0\um\winsock2.h(236): error C2011: 'hostent': 'struct' 型の再定義
  k:\windows kits\10\include\10.0.17763.0\um\winsock.h(1023): note: 'hostent' の宣言を確認してください
k:\windows kits\10\include\10.0.17763.0\um\winsock2.h(249): error C2011: 'netent': 'struct' 型の再定義
  k:\windows kits\10\include\10.0.17763.0\um\winsock.h(177): note: 'netent' の宣言を確認してください
k:\windows kits\10\include\10.0.17763.0\um\winsock2.h(256): error C2011: 'servent': 'struct' 型の再定義
  k:\windows kits\10\include\10.0.17763.0\um\winsock.h(1027): note: 'servent' の宣言を確認してください
k:\windows kits\10\include\10.0.17763.0\um\winsock2.h(268): error C2011: 'protoent': 'struct' 型の再定義
  k:\windows kits\10\include\10.0.17763.0\um\winsock.h(1031): note: 'protoent' の宣言を確認してください
k:\windows kits\10\include\10.0.17763.0\um\winsock2.h(364): error C2011: 'WSAData': 'struct' 型の再定義
  k:\windows kits\10\include\10.0.17763.0\um\winsock.h(319): note: 'WSAData' の宣言を確認してください
k:\windows kits\10\include\10.0.17763.0\um\winsock2.h(462): error C2011: 'sockproto': 'struct' 型の再定義
  k:\windows kits\10\include\10.0.17763.0\um\winsock.h(491): note: 'sockproto' の宣言を確認してください
k:\windows kits\10\include\10.0.17763.0\um\winsock2.h(504): error C2011: 'linger': 'struct' 型の再定義
  k:\windows kits\10\include\10.0.17763.0\um\winsock.h(1015): note: 'linger' の宣言を確認してください
k:\windows kits\10\include\10.0.17763.0\um\winsock2.h(517): warning C4005: 'SOMAXCONN': マクロが再定義されました。
  k:\windows kits\10\include\10.0.17763.0\um\winsock.h(541): note: 'SOMAXCONN' の以前の定義を確認してください
k:\windows kits\10\include\10.0.17763.0\um\winsock2.h(552): warning C4005: 'FD_READ': マクロが再定義されました。
  k:\windows kits\10\include\10.0.17763.0\um\winsock.h(559): note: 'FD_READ' の以前の定義を確認してください
k:\windows kits\10\include\10.0.17763.0\um\winsock2.h(555): warning C4005: 'FD_WRITE': マクロが再定義されました。
  k:\windows kits\10\include\10.0.17763.0\um\winsock.h(560): note: 'FD_WRITE' の以前の定義を確認してください
k:\windows kits\10\include\10.0.17763.0\um\winsock2.h(558): warning C4005: 'FD_OOB': マクロが再定義されました。
  k:\windows kits\10\include\10.0.17763.0\um\winsock.h(561): note: 'FD_OOB' の以前の定義を確認してください
k:\windows kits\10\include\10.0.17763.0\um\winsock2.h(561): warning C4005: 'FD_ACCEPT': マクロが再定義されました。
  k:\windows kits\10\include\10.0.17763.0\um\winsock.h(562): note: 'FD_ACCEPT' の以前の定義を確認してください
k:\windows kits\10\include\10.0.17763.0\um\winsock2.h(564): warning C4005: 'FD_CONNECT': マクロが再定義されました。
  k:\windows kits\10\include\10.0.17763.0\um\winsock.h(563): note: 'FD_CONNECT' の以前の定義を確認してください
k:\windows kits\10\include\10.0.17763.0\um\winsock2.h(567): warning C4005: 'FD_CLOSE': マクロが再定義されました。
  k:\windows kits\10\include\10.0.17763.0\um\winsock.h(564): note: 'FD_CLOSE' の以前の定義を確認してください
k:\windows kits\10\include\10.0.17763.0\um\winsock2.h(1625): error C2375: 'accept': 再定義されています。異なるリンケージです。
  k:\windows kits\10\include\10.0.17763.0\um\winsock.h(739): note: 'accept' の宣言を確認してください
k:\windows kits\10\include\10.0.17763.0\um\winsock2.h(1647): error C2375: 'bind': 再定義されています。異なるリンケージです。
  k:\windows kits\10\include\10.0.17763.0\um\winsock.h(744): note: 'bind' の宣言を確認してください
k:\windows kits\10\include\10.0.17763.0\um\winsock2.h(1668): error C2375: 'closesocket': 再定義されています。異なるリンケージです。
  k:\windows kits\10\include\10.0.17763.0\um\winsock.h(749): note: 'closesocket' の宣言を確認してください
k:\windows kits\10\include\10.0.17763.0\um\winsock2.h(1685): error C2375: 'connect': 再定義されています。異なるリンケージです。
  k:\windows kits\10\include\10.0.17763.0\um\winsock.h(751): note: 'connect' の宣言を確認してください
k:\windows kits\10\include\10.0.17763.0\um\winsock2.h(1706): error C2375: 'ioctlsocket': 再定義されています。異なるリンケージです。
  k:\windows kits\10\include\10.0.17763.0\um\winsock.h(756): note: 'ioctlsocket' の宣言を確認してください
k:\windows kits\10\include\10.0.17763.0\um\winsock2.h(1729): error C2375: 'getpeername': 再定義されています。異なるリンケージです。
  k:\windows kits\10\include\10.0.17763.0\um\winsock.h(761): note: 'getpeername' の宣言を確認してください
k:\windows kits\10\include\10.0.17763.0\um\winsock2.h(1750): error C2375: 'getsockname': 再定義されています。異なるリンケージです。
  k:\windows kits\10\include\10.0.17763.0\um\winsock.h(766): note: 'getsockname' の宣言を確認してください
k:\windows kits\10\include\10.0.17763.0\um\winsock2.h(1771): error C2375: 'getsockopt': 再定義されています。異なるリンケージです。
  k:\windows kits\10\include\10.0.17763.0\um\winsock.h(771): note: 'getsockopt' の宣言を確認してください
k:\windows kits\10\include\10.0.17763.0\um\winsock2.h(1796): error C2375: 'htonl': 再定義されています。異なるリンケージです。
  k:\windows kits\10\include\10.0.17763.0\um\winsock.h(778): note: 'htonl' の宣言を確認してください
k:\windows kits\10\include\10.0.17763.0\um\winsock2.h(1813): error C2375: 'htons': 再定義されています。異なるリンケージです。
  k:\windows kits\10\include\10.0.17763.0\um\winsock.h(780): note: 'htons' の宣言を確認してください
k:\windows kits\10\include\10.0.17763.0\um\winsock2.h(1831): error C2375: 'inet_addr': 再定義されています。異なるリンケージです。
  k:\windows kits\10\include\10.0.17763.0\um\winsock.h(782): note: 'inet_addr' の宣言を確認してください
k:\windows kits\10\include\10.0.17763.0\um\winsock2.h(1849): error C2375: 'inet_ntoa': 再定義されています。異なるリンケージです。
  k:\windows kits\10\include\10.0.17763.0\um\winsock.h(784): note: 'inet_ntoa' の宣言を確認してください
k:\windows kits\10\include\10.0.17763.0\um\winsock2.h(1949): error C2375: 'listen': 再定義されています。異なるリンケージです。
  k:\windows kits\10\include\10.0.17763.0\um\winsock.h(786): note: 'listen' の宣言を確認してください
k:\windows kits\10\include\10.0.17763.0\um\winsock2.h(1968): error C2375: 'ntohl': 再定義されています。異なるリンケージです。
  k:\windows kits\10\include\10.0.17763.0\um\winsock.h(790): note: 'ntohl' の宣言を確認してください
k:\windows kits\10\include\10.0.17763.0\um\winsock2.h(1985): error C2375: 'ntohs': 再定義されています。異なるリンケージです。
  k:\windows kits\10\include\10.0.17763.0\um\winsock.h(792): note: 'ntohs' の宣言を確認してください
k:\windows kits\10\include\10.0.17763.0\um\winsock2.h(2002): error C2375: 'recv': 再定義されています。異なるリンケージです。
  k:\windows kits\10\include\10.0.17763.0\um\winsock.h(794): note: 'recv' の宣言を確認してください
k:\windows kits\10\include\10.0.17763.0\um\winsock2.h(2025): error C2375: 'recvfrom': 再定義されています。異なるリンケージです。
  k:\windows kits\10\include\10.0.17763.0\um\winsock.h(800): note: 'recvfrom' の宣言を確認してください
k:\windows kits\10\include\10.0.17763.0\um\winsock2.h(2052): error C2375: 'select': 再定義されています。異なるリンケージです。
  k:\windows kits\10\include\10.0.17763.0\um\winsock.h(808): note: 'select' の宣言を確認してください
k:\windows kits\10\include\10.0.17763.0\um\winsock2.h(2077): error C2375: 'send': 再定義されています。異なるリンケージです。
  k:\windows kits\10\include\10.0.17763.0\um\winsock.h(815): note: 'send' の宣言を確認してください
k:\windows kits\10\include\10.0.17763.0\um\winsock2.h(2100): error C2375: 'sendto': 再定義されています。異なるリンケージです。
  k:\windows kits\10\include\10.0.17763.0\um\winsock.h(821): note: 'sendto' の宣言を確認してください
k:\windows kits\10\include\10.0.17763.0\um\winsock2.h(2127): error C2375: 'setsockopt': 再定義されています。異なるリンケージです。
  k:\windows kits\10\include\10.0.17763.0\um\winsock.h(829): note: 'setsockopt' の宣言を確認してください
k:\windows kits\10\include\10.0.17763.0\um\winsock2.h(2152): error C2375: 'shutdown': 再定義されています。異なるリンケージです。
  k:\windows kits\10\include\10.0.17763.0\um\winsock.h(836): note: 'shutdown' の宣言を確認してください
k:\windows kits\10\include\10.0.17763.0\um\winsock2.h(2172): error C2375: 'socket': 再定義されています。異なるリンケージです。
  k:\windows kits\10\include\10.0.17763.0\um\winsock.h(840): note: 'socket' の宣言を確認してください
k:\windows kits\10\include\10.0.17763.0\um\winsock2.h(2197): error C2375: 'gethostbyaddr': 再定義されています。異なるリンケージです。
  k:\windows kits\10\include\10.0.17763.0\um\winsock.h(847): note: 'gethostbyaddr' の宣言を確認してください
k:\windows kits\10\include\10.0.17763.0\um\winsock2.h(2219): error C2375: 'gethostbyname': 再定義されています。異なるリンケージです。
  k:\windows kits\10\include\10.0.17763.0\um\winsock.h(852): note: 'gethostbyname' の宣言を確認してください
k:\windows kits\10\include\10.0.17763.0\um\winsock2.h(2236): error C2375: 'gethostname': 再定義されています。異なるリンケージです。
  k:\windows kits\10\include\10.0.17763.0\um\winsock.h(854): note: 'gethostname' の宣言を確認してください
k:\windows kits\10\include\10.0.17763.0\um\winsock2.h(2276): error C2375: 'getservbyport': 再定義されています。異なるリンケージです。
  k:\windows kits\10\include\10.0.17763.0\um\winsock.h(858): note: 'getservbyport' の宣言を確認してください
k:\windows kits\10\include\10.0.17763.0\um\winsock2.h(2295): error C2375: 'getservbyname': 再定義されています。異なるリンケージです。
  k:\windows kits\10\include\10.0.17763.0\um\winsock.h(862): note: 'getservbyname' の宣言を確認してください
k:\windows kits\10\include\10.0.17763.0\um\winsock2.h(2314): error C2375: 'getprotobynumber': 再定義されています。異なるリンケージです。
  k:\windows kits\10\include\10.0.17763.0\um\winsock.h(866): note: 'getprotobynumber' の宣言を確認してください
k:\windows kits\10\include\10.0.17763.0\um\winsock2.h(2331): error C2375: 'getprotobyname': 再定義されています。異なるリンケージです。
  k:\windows kits\10\include\10.0.17763.0\um\winsock.h(868): note: 'getprotobyname' の宣言を確認してください
k:\windows kits\10\include\10.0.17763.0\um\winsock2.h(2351): error C2375: 'WSAStartup': 再定義されています。異なるリンケージです。
  k:\windows kits\10\include\10.0.17763.0\um\winsock.h(872): note: 'WSAStartup' の宣言を確認してください
k:\windows kits\10\include\10.0.17763.0\um\winsock2.h(2371): error C2375: 'WSACleanup': 再定義されています。異なるリンケージです。
  k:\windows kits\10\include\10.0.17763.0\um\winsock.h(876): note: 'WSACleanup' の宣言を確認してください
k:\windows kits\10\include\10.0.17763.0\um\winsock2.h(2388): error C2375: 'WSASetLastError': 再定義されています。異なるリンケージです。
  k:\windows kits\10\include\10.0.17763.0\um\winsock.h(878): note: 'WSASetLastError' の宣言を確認してください
k:\windows kits\10\include\10.0.17763.0\um\winsock2.h(2405): error C2375: 'WSAGetLastError': 再定義されています。異なるリンケージです。
  k:\windows kits\10\include\10.0.17763.0\um\winsock.h(880): note: 'WSAGetLastError' の宣言を確認してください
k:\windows kits\10\include\10.0.17763.0\um\winsock2.h(2426): error C2375: 'WSAIsBlocking': 再定義されています。異なるリンケージです。
  k:\windows kits\10\include\10.0.17763.0\um\winsock.h(882): note: 'WSAIsBlocking' の宣言を確認してください
k:\windows kits\10\include\10.0.17763.0\um\winsock2.h(2444): error C2375: 'WSAUnhookBlockingHook': 再定義されています。異なるリンケージです。
  k:\windows kits\10\include\10.0.17763.0\um\winsock.h(884): note: 'WSAUnhookBlockingHook' の宣言を確認してください
k:\windows kits\10\include\10.0.17763.0\um\winsock2.h(2462): error C2375: 'WSASetBlockingHook': 再定義されています。異なるリンケージです。
  k:\windows kits\10\include\10.0.17763.0\um\winsock.h(886): note: 'WSASetBlockingHook' の宣言を確認してください
k:\windows kits\10\include\10.0.17763.0\um\winsock2.h(2480): error C2375: 'WSACancelBlockingCall': 再定義されています。異なるリンケージです。
  k:\windows kits\10\include\10.0.17763.0\um\winsock.h(888): note: 'WSACancelBlockingCall' の宣言を確認してください
k:\windows kits\10\include\10.0.17763.0\um\winsock2.h(2498): error C2375: 'WSAAsyncGetServByName': 再定義されています。異なるリンケージです。
  k:\windows kits\10\include\10.0.17763.0\um\winsock.h(890): note: 'WSAAsyncGetServByName' の宣言を確認してください
k:\windows kits\10\include\10.0.17763.0\um\winsock2.h(2526): error C2375: 'WSAAsyncGetServByPort': 再定義されています。異なるリンケージです。
  k:\windows kits\10\include\10.0.17763.0\um\winsock.h(898): note: 'WSAAsyncGetServByPort' の宣言を確認してください
k:\windows kits\10\include\10.0.17763.0\um\winsock2.h(2554): error C2375: 'WSAAsyncGetProtoByName': 再定義されています。異なるリンケージです。
  k:\windows kits\10\include\10.0.17763.0\um\winsock.h(906): note: 'WSAAsyncGetProtoByName' の宣言を確認してください
k:\windows kits\10\include\10.0.17763.0\um\winsock2.h(2580): error C2375: 'WSAAsyncGetProtoByNumber': 再定義されています。異なるリンケージです。
  k:\windows kits\10\include\10.0.17763.0\um\winsock.h(913): note: 'WSAAsyncGetProtoByNumber' の宣言を確認してください
k:\windows kits\10\include\10.0.17763.0\um\winsock2.h(2606): error C2375: 'WSAAsyncGetHostByName': 再定義されています。異なるリンケージです。
  k:\windows kits\10\include\10.0.17763.0\um\winsock.h(920): note: 'WSAAsyncGetHostByName' の宣言を確認してください
k:\windows kits\10\include\10.0.17763.0\um\winsock2.h(2632): error C2375: 'WSAAsyncGetHostByAddr': 再定義されています。異なるリンケージです。
  k:\windows kits\10\include\10.0.17763.0\um\winsock.h(927): note: 'WSAAsyncGetHostByAddr' の宣言を確認してください
k:\windows kits\10\include\10.0.17763.0\um\winsock2.h(2662): error C2375: 'WSACancelAsyncRequest': 再定義されています。異なるリンケージです。
  k:\windows kits\10\include\10.0.17763.0\um\winsock.h(936): note: 'WSACancelAsyncRequest' の宣言を確認してください
k:\windows kits\10\include\10.0.17763.0\um\winsock2.h(2680): error C2375: 'WSAAsyncSelect': 再定義されています。異なるリンケージです。
  k:\windows kits\10\include\10.0.17763.0\um\winsock.h(938): note: 'WSAAsyncSelect' の宣言を確認してください
k:\workstation-vs\bouyomityanyomiage\yomiage001\yomiage001\bouyomisocketrequest.hpp(6): warning C4067: プリプロセッサ ディレクティブの後に余分な文字がありました - 改行が必要です
k:\workstation-vs\bouyomityanyomiage\yomiage001\yomiage001\bouyomisocketrequest.hpp(7): error C2008: ';': マクロ定義内で指定された文字の使い方が間違っています。
k:\workstation-vs\bouyomityanyomiage\yomiage001\yomiage001\bouyomisocketrequest.hpp(21): error C2079: 'server' が 未定義の struct 'sockaddr_in' で使用しています。
k:\workstation-vs\bouyomityanyomiage\yomiage001\yomiage001\bouyomisocketrequest.hpp(22): error C2079: 'wsadata' が 未定義の struct 'WSAData' で使用しています。
k:\workstation-vs\bouyomityanyomiage\yomiage001\yomiage001\bouyomisocketrequest.hpp(57): error C2065: 'inet_addr': 定義されていない識別子です。
k:\workstation-vs\bouyomityanyomiage\yomiage001\yomiage001\bouyomisocketrequest.hpp(58): error C2065: 'htons': 定義されていない識別子です。
k:\workstation-vs\bouyomityanyomiage\yomiage001\yomiage001\bouyomisocketrequest.hpp(62): error C2065: 'WSAStartup': 定義されていない識別子です。
k:\workstation-vs\bouyomityanyomiage\yomiage001\yomiage001\bouyomisocketrequest.hpp(65): error C2065: 'socket': 定義されていない識別子です。
k:\workstation-vs\bouyomityanyomiage\yomiage001\yomiage001\bouyomisocketrequest.hpp(65): error C2568: '=': オーバーロード関数のうち、どれを呼び出すのか決定できません。
  k:\workstation-vs\bouyomityanyomiage\yomiage001\yomiage001\bouyomisocketrequest.hpp(65): note: 'SOCKET socket(int,int,int)' の可能性があります
k:\workstation-vs\bouyomityanyomiage\yomiage001\yomiage001\bouyomisocketrequest.hpp(68): error C2065: 'connect': 定義されていない識別子です。
k:\workstation-vs\bouyomityanyomiage\yomiage001\yomiage001\bouyomisocketrequest.hpp(71): error C2065: 'send': 定義されていない識別子です。
k:\workstation-vs\bouyomityanyomiage\yomiage001\yomiage001\bouyomisocketrequest.hpp(72): error C2065: 'send': 定義されていない識別子です。
k:\workstation-vs\bouyomityanyomiage\yomiage001\yomiage001\bouyomisocketrequest.hpp(75): error C2065: 'closesocket': 定義されていない識別子です。
k:\workstation-vs\bouyomityanyomiage\yomiage001\yomiage001\bouyomisocketrequest.hpp(78): error C2065: 'WSACleanup': 定義されていない識別子です。
